#
# There is insufficient memory for the Java Runtime Environment to continue.
# Native memory allocation (malloc) failed to allocate 1485280 bytes for Chunk::new
# Possible reasons:
#   The system is out of physical RAM or swap space
#   The process is running with CompressedOops enabled, and the Java Heap may be blocking the growth of the native heap
# Possible solutions:
#   Reduce memory load on the system
#   Increase physical memory or swap space
#   Check if swap backing store is full
#   Decrease Java heap size (-Xmx/-Xms)
#   Decrease number of Java threads
#   Decrease Java thread stack sizes (-Xss)
#   Set larger code cache with -XX:ReservedCodeCacheSize=
#   JVM is running with Unscaled Compressed Oops mode in which the Java heap is
#     placed in the first 4GB address space. The Java Heap base address is the
#     maximum limit for the native heap growth. Please use -XX:HeapBaseMinAddress
#     to set the Java Heap base and to place the Java Heap above 4GB virtual address.
# This output file may be truncated or incomplete.
#
#  Out of Memory Error (arena.cpp:189), pid=10504, tid=9732
#
# JRE version: OpenJDK Runtime Environment (17.0.6) (build 17.0.6+0-b2043.56-10027231)
# Java VM: OpenJDK 64-Bit Server VM (17.0.6+0-b2043.56-10027231, mixed mode, tiered, compressed oops, compressed class ptrs, g1 gc, windows-amd64)
# No core dump will be written. Minidumps are not enabled by default on client versions of Windows
#

---------------  S U M M A R Y ------------

Command Line: --add-opens=java.base/java.util=ALL-UNNAMED --add-opens=java.base/java.lang=ALL-UNNAMED --add-opens=java.base/java.lang.invoke=ALL-UNNAMED --add-opens=java.prefs/java.util.prefs=ALL-UNNAMED --add-opens=java.base/java.nio.charset=ALL-UNNAMED --add-opens=java.base/java.net=ALL-UNNAMED --add-opens=java.base/java.util.concurrent.atomic=ALL-UNNAMED -Xmx2048m -Dfile.encoding=UTF-8 -Duser.country=US -Duser.language=en -Duser.variant org.gradle.launcher.daemon.bootstrap.GradleDaemon 8.0

Host: Intel(R) Core(TM) i5-7300U CPU @ 2.60GHz, 4 cores, 7G,  Windows 10 , 64 bit Build 19041 (10.0.19041.3636)
Time: Fri Feb 16 08:34:52 2024 E. Africa Standard Time elapsed time: 31.087695 seconds (0d 0h 0m 31s)

---------------  T H R E A D  ---------------

Current thread (0x000002c1f34df380):  JavaThread "C2 CompilerThread1" daemon [_thread_in_native, id=9732, stack(0x000000ccd1c00000,0x000000ccd1d00000)]


Current CompileTask:
C2:  31087 7381 %     4       org.gradle.internal.instantiation.generator.AbstractClassGenerator::inspectType @ 107 (560 bytes)

Stack: [0x000000ccd1c00000,0x000000ccd1d00000]
Native frames: (J=compiled Java code, j=interpreted, Vv=VM code, C=native code)
V  [jvm.dll+0x683c9a]
V  [jvm.dll+0x8427a4]
V  [jvm.dll+0x843f9e]
V  [jvm.dll+0x844603]
V  [jvm.dll+0x249b75]
V  [jvm.dll+0xabcac]
V  [jvm.dll+0xac27c]
V  [jvm.dll+0x368857]
V  [jvm.dll+0x1bd0b8]
V  [jvm.dll+0x21c359]
V  [jvm.dll+0x21b621]
V  [jvm.dll+0x1a4fdd]
V  [jvm.dll+0x22b098]
V  [jvm.dll+0x229159]
V  [jvm.dll+0x7f81ec]
V  [jvm.dll+0x7f274a]
V  [jvm.dll+0x682ad5]
C  [ucrtbase.dll+0x21bb2]
C  [KERNEL32.DLL+0x17344]
C  [ntdll.dll+0x526b1]


---------------  P R O C E S S  ---------------

Threads class SMR info:
_java_thread_list=0x000002c1fca18610, length=83, elements={
0x000002c1d9482c60, 0x000002c1f2a49c70, 0x000002c1f2a4ac70, 0x000002c1f2a55e00,
0x000002c1f2a76370, 0x000002c1f2a76c30, 0x000002c1f2a774f0, 0x000002c1f341c340,
0x000002c1f3420f30, 0x000002c1f3433820, 0x000002c1f3596f70, 0x000002c1f3598070,
0x000002c1f4f2df70, 0x000002c1f4beea60, 0x000002c1f590c400, 0x000002c1f59581d0,
0x000002c1f448d480, 0x000002c1f5adcb00, 0x000002c1f5ade130, 0x000002c1f5fc0080,
0x000002c1f5fbf210, 0x000002c1f5fbd530, 0x000002c1f5fbda00, 0x000002c1f5fbded0,
0x000002c1f5fbf6e0, 0x000002c1f5fbd060, 0x000002c1f5fbe3a0, 0x000002c1f5fbe870,
0x000002c1f5fbed40, 0x000002c1f5fbfbb0, 0x000002c1f5fc0550, 0x000002c1f5fc0a20,
0x000002c1f434e430, 0x000002c1f434edd0, 0x000002c1f434d0f0, 0x000002c1f4350f80,
0x000002c1f434f2a0, 0x000002c1f434f770, 0x000002c1f434bdb0, 0x000002c1f434fc40,
0x000002c1f4349c00, 0x000002c1f434a0d0, 0x000002c1f434b8e0, 0x000002c1f434a5a0,
0x000002c1f434d5c0, 0x000002c1f434aa70, 0x000002c1f434af40, 0x000002c1f434da90,
0x000002c1f434df60, 0x000002c1f7919050, 0x000002c1f791ca10, 0x000002c1f791a860,
0x000002c1f7919ec0, 0x000002c1f791a390, 0x000002c1f791bba0, 0x000002c1f791ad30,
0x000002c1f791b200, 0x000002c1f791b6d0, 0x000002c1f7919520, 0x000002c1f79199f0,
0x000002c1f791c070, 0x000002c1f791c540, 0x000002c1f7ae61e0, 0x000002c1f7ae49d0,
0x000002c1f7ae14e0, 0x000002c1f7ae1010, 0x000002c1f7ae2350, 0x000002c1f7ae3690,
0x000002c1f7ae4ea0, 0x000002c1f7ae5d10, 0x000002c1f7ae7520, 0x000002c1f7ae7050,
0x000002c1f7ae5840, 0x000002c1f7ae4030, 0x000002c1f7ae31c0, 0x000002c1f7ae79f0,
0x000002c1f7ae19b0, 0x000002c1f7ae3b60, 0x000002c1f7ae66b0, 0x000002c1f7ae2cf0,
0x000002c1f7ae5370, 0x000002c1f7ae4500, 0x000002c1f34df380
}

Java Threads: ( => current thread )
  0x000002c1d9482c60 JavaThread "main" [_thread_blocked, id=10268, stack(0x000000ccd1f00000,0x000000ccd2000000)]
  0x000002c1f2a49c70 JavaThread "Reference Handler" daemon [_thread_blocked, id=8584, stack(0x000000ccd2600000,0x000000ccd2700000)]
  0x000002c1f2a4ac70 JavaThread "Finalizer" daemon [_thread_blocked, id=6992, stack(0x000000ccd2700000,0x000000ccd2800000)]
  0x000002c1f2a55e00 JavaThread "Signal Dispatcher" daemon [_thread_blocked, id=4964, stack(0x000000ccd2800000,0x000000ccd2900000)]
  0x000002c1f2a76370 JavaThread "Attach Listener" daemon [_thread_blocked, id=3644, stack(0x000000ccd2900000,0x000000ccd2a00000)]
  0x000002c1f2a76c30 JavaThread "Service Thread" daemon [_thread_blocked, id=13300, stack(0x000000ccd2a00000,0x000000ccd2b00000)]
  0x000002c1f2a774f0 JavaThread "Monitor Deflation Thread" daemon [_thread_blocked, id=8892, stack(0x000000ccd2b00000,0x000000ccd2c00000)]
  0x000002c1f341c340 JavaThread "C2 CompilerThread0" daemon [_thread_in_native, id=7560, stack(0x000000ccd2c00000,0x000000ccd2d00000)]
  0x000002c1f3420f30 JavaThread "C1 CompilerThread0" daemon [_thread_blocked, id=11988, stack(0x000000ccd2d00000,0x000000ccd2e00000)]
  0x000002c1f3433820 JavaThread "Sweeper thread" daemon [_thread_blocked, id=4040, stack(0x000000ccd2e00000,0x000000ccd2f00000)]
  0x000002c1f3596f70 JavaThread "Common-Cleaner" daemon [_thread_blocked, id=15716, stack(0x000000ccd2f00000,0x000000ccd3000000)]
  0x000002c1f3598070 JavaThread "Notification Thread" daemon [_thread_blocked, id=5332, stack(0x000000ccd3000000,0x000000ccd3100000)]
  0x000002c1f4f2df70 JavaThread "Daemon health stats" [_thread_blocked, id=9940, stack(0x000000ccd3200000,0x000000ccd3300000)]
  0x000002c1f4beea60 JavaThread "Incoming local TCP Connector on port 54406" [_thread_in_native, id=18528, stack(0x000000ccd3600000,0x000000ccd3700000)]
  0x000002c1f590c400 JavaThread "Daemon periodic checks" [_thread_blocked, id=18524, stack(0x000000ccd3700000,0x000000ccd3800000)]
  0x000002c1f59581d0 JavaThread "Daemon" [_thread_blocked, id=10380, stack(0x000000ccd3800000,0x000000ccd3900000)]
  0x000002c1f448d480 JavaThread "Handler for socket connection from /127.0.0.1:54406 to /127.0.0.1:54407" [_thread_in_native, id=14864, stack(0x000000ccd3900000,0x000000ccd3a00000)]
  0x000002c1f5adcb00 JavaThread "Cancel handler" [_thread_blocked, id=15544, stack(0x000000ccd3a00000,0x000000ccd3b00000)]
  0x000002c1f5ade130 JavaThread "Daemon worker" [_thread_in_Java, id=8100, stack(0x000000ccd3b00000,0x000000ccd3c00000)]
  0x000002c1f5fc0080 JavaThread "Asynchronous log dispatcher for DefaultDaemonConnection: socket connection from /127.0.0.1:54406 to /127.0.0.1:54407" [_thread_blocked, id=4456, stack(0x000000ccd3c00000,0x000000ccd3d00000)]
  0x000002c1f5fbf210 JavaThread "Stdin handler" [_thread_blocked, id=6692, stack(0x000000ccd3d00000,0x000000ccd3e00000)]
  0x000002c1f5fbd530 JavaThread "Daemon client event forwarder" [_thread_blocked, id=10072, stack(0x000000ccd3e00000,0x000000ccd3f00000)]
  0x000002c1f5fbda00 JavaThread "Cache worker for journal cache (C:\Users\rugam\.gradle\caches\journal-1)" [_thread_blocked, id=10992, stack(0x000000ccd3f00000,0x000000ccd4000000)]
  0x000002c1f5fbded0 JavaThread "File lock request listener" [_thread_in_native, id=13648, stack(0x000000ccd4000000,0x000000ccd4100000)]
  0x000002c1f5fbf6e0 JavaThread "Cache worker for file hash cache (C:\Users\rugam\.gradle\caches\8.0\fileHashes)" [_thread_blocked, id=12248, stack(0x000000ccd4100000,0x000000ccd4200000)]
  0x000002c1f5fbd060 JavaThread "File watcher server" daemon [_thread_in_native, id=12636, stack(0x000000ccd4200000,0x000000ccd4300000)]
  0x000002c1f5fbe3a0 JavaThread "File watcher consumer" daemon [_thread_blocked, id=15576, stack(0x000000ccd4300000,0x000000ccd4400000)]
  0x000002c1f5fbe870 JavaThread "Cache worker for checksums cache (E:\School\SanaaConnect\.gradle\8.0\checksums)" [_thread_blocked, id=4720, stack(0x000000ccd4400000,0x000000ccd4500000)]
  0x000002c1f5fbed40 JavaThread "Cache worker for cache directory md-rule (C:\Users\rugam\.gradle\caches\8.0\md-rule)" [_thread_blocked, id=18588, stack(0x000000ccd4500000,0x000000ccd4600000)]
  0x000002c1f5fbfbb0 JavaThread "Cache worker for file content cache (C:\Users\rugam\.gradle\caches\8.0\fileContent)" [_thread_blocked, id=16940, stack(0x000000ccd4600000,0x000000ccd4700000)]
  0x000002c1f5fc0550 JavaThread "Cache worker for file hash cache (E:\School\SanaaConnect\.gradle\8.0\fileHashes)" [_thread_blocked, id=17064, stack(0x000000ccd4700000,0x000000ccd4800000)]
  0x000002c1f5fc0a20 JavaThread "Cache worker for cache directory md-supplier (C:\Users\rugam\.gradle\caches\8.0\md-supplier)" [_thread_blocked, id=13064, stack(0x000000ccd4800000,0x000000ccd4900000)]
  0x000002c1f434e430 JavaThread "Cache worker for execution history cache (C:\Users\rugam\.gradle\caches\8.0\executionHistory)" [_thread_blocked, id=14456, stack(0x000000ccd4900000,0x000000ccd4a00000)]
  0x000002c1f434edd0 JavaThread "jar transforms" [_thread_blocked, id=14772, stack(0x000000ccd4a00000,0x000000ccd4b00000)]
  0x000002c1f434d0f0 JavaThread "jar transforms Thread 2" [_thread_blocked, id=3608, stack(0x000000ccd4b00000,0x000000ccd4c00000)]
  0x000002c1f4350f80 JavaThread "Cache worker for kotlin-dsl (C:\Users\rugam\.gradle\caches\8.0\kotlin-dsl)" [_thread_blocked, id=4692, stack(0x000000ccd4e00000,0x000000ccd4f00000)]
  0x000002c1f434f2a0 JavaThread "jar transforms Thread 3" [_thread_blocked, id=1196, stack(0x000000ccd4c00000,0x000000ccd4d00000)]
  0x000002c1f434f770 JavaThread "jar transforms Thread 4" [_thread_blocked, id=3984, stack(0x000000ccd5000000,0x000000ccd5100000)]
  0x000002c1f434bdb0 JavaThread "Cache worker for dependencies-accessors (E:\School\SanaaConnect\.gradle\8.0\dependencies-accessors)" [_thread_blocked, id=7876, stack(0x000000ccd5100000,0x000000ccd5200000)]
  0x000002c1f434fc40 JavaThread "Cache worker for Build Output Cleanup Cache (E:\School\SanaaConnect\.gradle\buildOutputCleanup)" [_thread_blocked, id=7588, stack(0x000000ccd5200000,0x000000ccd5300000)]
  0x000002c1f4349c00 JavaThread "Unconstrained build operations" [_thread_blocked, id=13500, stack(0x000000ccd4f00000,0x000000ccd5000000)]
  0x000002c1f434a0d0 JavaThread "Unconstrained build operations Thread 2" [_thread_blocked, id=18800, stack(0x000000ccd5300000,0x000000ccd5400000)]
  0x000002c1f434b8e0 JavaThread "Unconstrained build operations Thread 3" [_thread_blocked, id=17392, stack(0x000000ccd5400000,0x000000ccd5500000)]
  0x000002c1f434a5a0 JavaThread "Unconstrained build operations Thread 4" [_thread_blocked, id=18868, stack(0x000000ccd5500000,0x000000ccd5600000)]
  0x000002c1f434d5c0 JavaThread "Unconstrained build operations Thread 5" [_thread_blocked, id=16896, stack(0x000000ccd5600000,0x000000ccd5700000)]
  0x000002c1f434aa70 JavaThread "Unconstrained build operations Thread 6" [_thread_blocked, id=8860, stack(0x000000ccd5700000,0x000000ccd5800000)]
  0x000002c1f434af40 JavaThread "Unconstrained build operations Thread 7" [_thread_blocked, id=7356, stack(0x000000ccd5800000,0x000000ccd5900000)]
  0x000002c1f434da90 JavaThread "Unconstrained build operations Thread 8" [_thread_blocked, id=9840, stack(0x000000ccd5900000,0x000000ccd5a00000)]
  0x000002c1f434df60 JavaThread "Unconstrained build operations Thread 9" [_thread_blocked, id=240, stack(0x000000ccd5a00000,0x000000ccd5b00000)]
  0x000002c1f7919050 JavaThread "Unconstrained build operations Thread 10" [_thread_blocked, id=17076, stack(0x000000ccd5b00000,0x000000ccd5c00000)]
  0x000002c1f791ca10 JavaThread "Unconstrained build operations Thread 11" [_thread_blocked, id=18900, stack(0x000000ccd5c00000,0x000000ccd5d00000)]
  0x000002c1f791a860 JavaThread "Unconstrained build operations Thread 12" [_thread_blocked, id=7972, stack(0x000000ccd5d00000,0x000000ccd5e00000)]
  0x000002c1f7919ec0 JavaThread "Unconstrained build operations Thread 13" [_thread_blocked, id=17260, stack(0x000000ccd5e00000,0x000000ccd5f00000)]
  0x000002c1f791a390 JavaThread "Unconstrained build operations Thread 14" [_thread_blocked, id=17224, stack(0x000000ccd5f00000,0x000000ccd6000000)]
  0x000002c1f791bba0 JavaThread "Unconstrained build operations Thread 15" [_thread_blocked, id=2572, stack(0x000000ccd6000000,0x000000ccd6100000)]
  0x000002c1f791ad30 JavaThread "Unconstrained build operations Thread 16" [_thread_blocked, id=15292, stack(0x000000ccd6100000,0x000000ccd6200000)]
  0x000002c1f791b200 JavaThread "Unconstrained build operations Thread 17" [_thread_blocked, id=19348, stack(0x000000ccd6200000,0x000000ccd6300000)]
  0x000002c1f791b6d0 JavaThread "Unconstrained build operations Thread 18" [_thread_blocked, id=6660, stack(0x000000ccd6300000,0x000000ccd6400000)]
  0x000002c1f7919520 JavaThread "Unconstrained build operations Thread 19" [_thread_blocked, id=14836, stack(0x000000ccd6400000,0x000000ccd6500000)]
  0x000002c1f79199f0 JavaThread "Unconstrained build operations Thread 20" [_thread_blocked, id=15948, stack(0x000000ccd6500000,0x000000ccd6600000)]
  0x000002c1f791c070 JavaThread "Unconstrained build operations Thread 21" [_thread_blocked, id=8336, stack(0x000000ccd6600000,0x000000ccd6700000)]
  0x000002c1f791c540 JavaThread "Unconstrained build operations Thread 22" [_thread_blocked, id=16856, stack(0x000000ccd6700000,0x000000ccd6800000)]
  0x000002c1f7ae61e0 JavaThread "Unconstrained build operations Thread 23" [_thread_blocked, id=8568, stack(0x000000ccd6800000,0x000000ccd6900000)]
  0x000002c1f7ae49d0 JavaThread "Unconstrained build operations Thread 24" [_thread_blocked, id=5680, stack(0x000000ccd6900000,0x000000ccd6a00000)]
  0x000002c1f7ae14e0 JavaThread "Unconstrained build operations Thread 25" [_thread_blocked, id=6340, stack(0x000000ccd6a00000,0x000000ccd6b00000)]
  0x000002c1f7ae1010 JavaThread "Unconstrained build operations Thread 26" [_thread_blocked, id=5972, stack(0x000000ccd6b00000,0x000000ccd6c00000)]
  0x000002c1f7ae2350 JavaThread "Unconstrained build operations Thread 27" [_thread_blocked, id=18300, stack(0x000000ccd6c00000,0x000000ccd6d00000)]
  0x000002c1f7ae3690 JavaThread "Unconstrained build operations Thread 28" [_thread_blocked, id=17208, stack(0x000000ccd6d00000,0x000000ccd6e00000)]
  0x000002c1f7ae4ea0 JavaThread "Unconstrained build operations Thread 29" [_thread_blocked, id=16084, stack(0x000000ccd6e00000,0x000000ccd6f00000)]
  0x000002c1f7ae5d10 JavaThread "Unconstrained build operations Thread 30" [_thread_blocked, id=18312, stack(0x000000ccd6f00000,0x000000ccd7000000)]
  0x000002c1f7ae7520 JavaThread "Unconstrained build operations Thread 31" [_thread_blocked, id=12020, stack(0x000000ccd7000000,0x000000ccd7100000)]
  0x000002c1f7ae7050 JavaThread "Unconstrained build operations Thread 32" [_thread_blocked, id=15152, stack(0x000000ccd7100000,0x000000ccd7200000)]
  0x000002c1f7ae5840 JavaThread "Unconstrained build operations Thread 33" [_thread_blocked, id=3264, stack(0x000000ccd7200000,0x000000ccd7300000)]
  0x000002c1f7ae4030 JavaThread "Unconstrained build operations Thread 34" [_thread_blocked, id=17132, stack(0x000000ccd7300000,0x000000ccd7400000)]
  0x000002c1f7ae31c0 JavaThread "Unconstrained build operations Thread 35" [_thread_blocked, id=11052, stack(0x000000ccd7400000,0x000000ccd7500000)]
  0x000002c1f7ae79f0 JavaThread "Unconstrained build operations Thread 36" [_thread_blocked, id=4444, stack(0x000000ccd7500000,0x000000ccd7600000)]
  0x000002c1f7ae19b0 JavaThread "Unconstrained build operations Thread 37" [_thread_blocked, id=11848, stack(0x000000ccd7600000,0x000000ccd7700000)]
  0x000002c1f7ae3b60 JavaThread "Unconstrained build operations Thread 38" [_thread_blocked, id=14140, stack(0x000000ccd7700000,0x000000ccd7800000)]
  0x000002c1f7ae66b0 JavaThread "Unconstrained build operations Thread 39" [_thread_blocked, id=7628, stack(0x000000ccd7800000,0x000000ccd7900000)]
  0x000002c1f7ae2cf0 JavaThread "Unconstrained build operations Thread 40" [_thread_blocked, id=12816, stack(0x000000ccd7900000,0x000000ccd7a00000)]
  0x000002c1f7ae5370 JavaThread "build event listener" [_thread_blocked, id=15432, stack(0x000000ccd7b00000,0x000000ccd7c00000)]
  0x000002c1f7ae4500 JavaThread "Memory manager" [_thread_blocked, id=2524, stack(0x000000ccd7c00000,0x000000ccd7d00000)]
=>0x000002c1f34df380 JavaThread "C2 CompilerThread1" daemon [_thread_in_native, id=9732, stack(0x000000ccd1c00000,0x000000ccd1d00000)]

Other Threads:
  0x000002c1f2a418b0 VMThread "VM Thread" [stack: 0x000000ccd2500000,0x000000ccd2600000] [id=12304]
  0x000002c1f3594f60 WatcherThread [stack: 0x000000ccd3100000,0x000000ccd3200000] [id=18924]
  0x000002c1d94dd250 GCTaskThread "GC Thread#0" [stack: 0x000000ccd2000000,0x000000ccd2100000] [id=17116]
  0x000002c1f37f7d10 GCTaskThread "GC Thread#1" [stack: 0x000000ccd3300000,0x000000ccd3400000] [id=15748]
  0x000002c1f36803c0 GCTaskThread "GC Thread#2" [stack: 0x000000ccd3400000,0x000000ccd3500000] [id=13232]
  0x000002c1f437dc30 GCTaskThread "GC Thread#3" [stack: 0x000000ccd3500000,0x000000ccd3600000] [id=15164]
  0x000002c1d94ee0a0 ConcurrentGCThread "G1 Main Marker" [stack: 0x000000ccd2100000,0x000000ccd2200000] [id=12220]
  0x000002c1d94ee9c0 ConcurrentGCThread "G1 Conc#0" [stack: 0x000000ccd2200000,0x000000ccd2300000] [id=18344]
  0x000002c1d9545c70 ConcurrentGCThread "G1 Refine#0" [stack: 0x000000ccd2300000,0x000000ccd2400000] [id=13780]
  0x000002c1f439feb0 ConcurrentGCThread "G1 Refine#1" [stack: 0x000000ccd4d00000,0x000000ccd4e00000] [id=15688]
  0x000002c1f28a1b00 ConcurrentGCThread "G1 Service" [stack: 0x000000ccd2400000,0x000000ccd2500000] [id=14572]

Threads with active compile tasks:
C2 CompilerThread0    31143 7430       4       sun.reflect.generics.parser.SignatureParser::parsePackageNameAndSimpleClassTypeSignature (119 bytes)
C2 CompilerThread1    31143 7381 %     4       org.gradle.internal.instantiation.generator.AbstractClassGenerator::inspectType @ 107 (560 bytes)

VM state: not at safepoint (normal execution)

VM Mutex/Monitor currently owned by a thread: None

Heap address: 0x0000000080000000, size: 2048 MB, Compressed Oops mode: 32-bit

CDS archive(s) not mapped
Compressed class space mapped at: 0x0000000100000000-0x0000000140000000, reserved size: 1073741824
Narrow klass base: 0x0000000000000000, Narrow klass shift: 3, Narrow klass range: 0x140000000

GC Precious Log:
 CPUs: 4 total, 4 available
 Memory: 8067M
 Large Page Support: Disabled
 NUMA Support: Disabled
 Compressed Oops: Enabled (32-bit)
 Heap Region Size: 1M
 Heap Min Capacity: 8M
 Heap Initial Capacity: 128M
 Heap Max Capacity: 2G
 Pre-touch: Disabled
 Parallel Workers: 4
 Concurrent Workers: 1
 Concurrent Refinement Workers: 4
 Periodic GC: Disabled

Heap:
 garbage-first heap   total 104448K, used 62405K [0x0000000080000000, 0x0000000100000000)
  region size 1024K, 10 young (10240K), 4 survivors (4096K)
 Metaspace       used 74894K, committed 75520K, reserved 1122304K
  class space    used 9944K, committed 10240K, reserved 1048576K

Heap Regions: E=young(eden), S=young(survivor), O=old, HS=humongous(starts), HC=humongous(continues), CS=collection set, F=free, OA=open archive, CA=closed archive, TAMS=top-at-mark-start (previous, next)
|   0|0x0000000080000000, 0x0000000080100000, 0x0000000080100000|100%| O|  |TAMS 0x0000000080100000, 0x0000000080000000| Untracked 
|   1|0x0000000080100000, 0x0000000080200000, 0x0000000080200000|100%| O|  |TAMS 0x0000000080200000, 0x0000000080100000| Untracked 
|   2|0x0000000080200000, 0x0000000080300000, 0x0000000080300000|100%|HS|  |TAMS 0x0000000080300000, 0x0000000080200000| Complete 
|   3|0x0000000080300000, 0x0000000080400000, 0x0000000080400000|100%|HC|  |TAMS 0x0000000080400000, 0x0000000080300000| Complete 
|   4|0x0000000080400000, 0x0000000080500000, 0x0000000080500000|100%|HC|  |TAMS 0x0000000080500000, 0x0000000080400000| Complete 
|   5|0x0000000080500000, 0x0000000080600000, 0x0000000080600000|100%|HC|  |TAMS 0x0000000080600000, 0x0000000080500000| Complete 
|   6|0x0000000080600000, 0x0000000080700000, 0x0000000080700000|100%| O|  |TAMS 0x0000000080700000, 0x0000000080600000| Untracked 
|   7|0x0000000080700000, 0x0000000080800000, 0x0000000080800000|100%| O|  |TAMS 0x0000000080800000, 0x0000000080700000| Untracked 
|   8|0x0000000080800000, 0x0000000080900000, 0x0000000080900000|100%| O|  |TAMS 0x0000000080900000, 0x0000000080800000| Untracked 
|   9|0x0000000080900000, 0x0000000080a00000, 0x0000000080a00000|100%| O|  |TAMS 0x0000000080a00000, 0x0000000080900000| Untracked 
|  10|0x0000000080a00000, 0x0000000080b00000, 0x0000000080b00000|100%| O|  |TAMS 0x0000000080b00000, 0x0000000080a00000| Untracked 
|  11|0x0000000080b00000, 0x0000000080c00000, 0x0000000080c00000|100%| O|  |TAMS 0x0000000080c00000, 0x0000000080b00000| Untracked 
|  12|0x0000000080c00000, 0x0000000080d00000, 0x0000000080d00000|100%| O|  |TAMS 0x0000000080d00000, 0x0000000080c00000| Untracked 
|  13|0x0000000080d00000, 0x0000000080e00000, 0x0000000080e00000|100%| O|  |TAMS 0x0000000080e00000, 0x0000000080d00000| Untracked 
|  14|0x0000000080e00000, 0x0000000080f00000, 0x0000000080f00000|100%| O|  |TAMS 0x0000000080f00000, 0x0000000080e00000| Untracked 
|  15|0x0000000080f00000, 0x0000000081000000, 0x0000000081000000|100%| O|  |TAMS 0x0000000081000000, 0x0000000080f00000| Untracked 
|  16|0x0000000081000000, 0x0000000081100000, 0x0000000081100000|100%| O|  |TAMS 0x0000000081100000, 0x0000000081000000| Untracked 
|  17|0x0000000081100000, 0x0000000081200000, 0x0000000081200000|100%| O|  |TAMS 0x0000000081200000, 0x0000000081100000| Untracked 
|  18|0x0000000081200000, 0x0000000081300000, 0x0000000081300000|100%| O|  |TAMS 0x0000000081300000, 0x0000000081200000| Untracked 
|  19|0x0000000081300000, 0x0000000081400000, 0x0000000081400000|100%| O|  |TAMS 0x0000000081400000, 0x0000000081300000| Untracked 
|  20|0x0000000081400000, 0x0000000081500000, 0x0000000081500000|100%| O|  |TAMS 0x0000000081500000, 0x0000000081400000| Untracked 
|  21|0x0000000081500000, 0x0000000081600000, 0x0000000081600000|100%| O|  |TAMS 0x0000000081600000, 0x0000000081500000| Untracked 
|  22|0x0000000081600000, 0x0000000081700000, 0x0000000081700000|100%| O|  |TAMS 0x0000000081700000, 0x0000000081600000| Untracked 
|  23|0x0000000081700000, 0x0000000081800000, 0x0000000081800000|100%| O|  |TAMS 0x0000000081800000, 0x0000000081700000| Untracked 
|  24|0x0000000081800000, 0x0000000081900000, 0x0000000081900000|100%| O|  |TAMS 0x0000000081900000, 0x0000000081800000| Untracked 
|  25|0x0000000081900000, 0x0000000081a00000, 0x0000000081a00000|100%| O|  |TAMS 0x0000000081a00000, 0x0000000081900000| Untracked 
|  26|0x0000000081a00000, 0x0000000081b00000, 0x0000000081b00000|100%| O|  |TAMS 0x0000000081b00000, 0x0000000081a00000| Untracked 
|  27|0x0000000081b00000, 0x0000000081c00000, 0x0000000081c00000|100%| O|  |TAMS 0x0000000081c00000, 0x0000000081b00000| Untracked 
|  28|0x0000000081c00000, 0x0000000081d00000, 0x0000000081d00000|100%| O|  |TAMS 0x0000000081d00000, 0x0000000081c00000| Untracked 
|  29|0x0000000081d00000, 0x0000000081e00000, 0x0000000081e00000|100%| O|  |TAMS 0x0000000081e00000, 0x0000000081d00000| Untracked 
|  30|0x0000000081e00000, 0x0000000081f00000, 0x0000000081f00000|100%| O|  |TAMS 0x0000000081f00000, 0x0000000081e00000| Untracked 
|  31|0x0000000081f00000, 0x0000000082000000, 0x0000000082000000|100%| O|  |TAMS 0x0000000082000000, 0x0000000081f00000| Untracked 
|  32|0x0000000082000000, 0x0000000082100000, 0x0000000082100000|100%| O|  |TAMS 0x0000000082100000, 0x0000000082000000| Untracked 
|  33|0x0000000082100000, 0x0000000082200000, 0x0000000082200000|100%| O|  |TAMS 0x0000000082200000, 0x0000000082100000| Untracked 
|  34|0x0000000082200000, 0x0000000082300000, 0x0000000082300000|100%| O|  |TAMS 0x0000000082300000, 0x0000000082200000| Untracked 
|  35|0x0000000082300000, 0x0000000082400000, 0x0000000082400000|100%| O|  |TAMS 0x0000000082400000, 0x0000000082300000| Untracked 
|  36|0x0000000082400000, 0x0000000082500000, 0x0000000082500000|100%| O|  |TAMS 0x0000000082500000, 0x0000000082400000| Complete 
|  37|0x0000000082500000, 0x0000000082600000, 0x0000000082600000|100%|HS|  |TAMS 0x0000000082600000, 0x0000000082500000| Complete 
|  38|0x0000000082600000, 0x0000000082700000, 0x0000000082700000|100%|HS|  |TAMS 0x0000000082700000, 0x0000000082600000| Complete 
|  39|0x0000000082700000, 0x0000000082800000, 0x0000000082800000|100%|HS|  |TAMS 0x0000000082800000, 0x0000000082700000| Complete 
|  40|0x0000000082800000, 0x0000000082900000, 0x0000000082900000|100%| O|  |TAMS 0x0000000082900000, 0x0000000082800000| Untracked 
|  41|0x0000000082900000, 0x0000000082a00000, 0x0000000082a00000|100%| O|  |TAMS 0x0000000082a00000, 0x0000000082900000| Untracked 
|  42|0x0000000082a00000, 0x0000000082b00000, 0x0000000082b00000|100%| O|  |TAMS 0x0000000082b00000, 0x0000000082a00000| Untracked 
|  43|0x0000000082b00000, 0x0000000082c00000, 0x0000000082c00000|100%| O|  |TAMS 0x0000000082c00000, 0x0000000082b00000| Untracked 
|  44|0x0000000082c00000, 0x0000000082d00000, 0x0000000082d00000|100%| O|  |TAMS 0x0000000082d00000, 0x0000000082c00000| Untracked 
|  45|0x0000000082d00000, 0x0000000082e00000, 0x0000000082e00000|100%| O|  |TAMS 0x0000000082e00000, 0x0000000082d00000| Untracked 
|  46|0x0000000082e00000, 0x0000000082f00000, 0x0000000082f00000|100%| O|  |TAMS 0x0000000082e2fa00, 0x0000000082e00000| Untracked 
|  47|0x0000000082f00000, 0x0000000082ff1400, 0x0000000083000000| 94%| O|  |TAMS 0x0000000082f00000, 0x0000000082f00000| Untracked 
|  48|0x0000000083000000, 0x0000000083100000, 0x0000000083100000|100%|HS|  |TAMS 0x0000000083000000, 0x0000000083000000| Complete 
|  49|0x0000000083100000, 0x0000000083200000, 0x0000000083200000|100%| O|  |TAMS 0x0000000083200000, 0x0000000083100000| Untracked 
|  50|0x0000000083200000, 0x0000000083300000, 0x0000000083300000|100%| O|  |TAMS 0x0000000083300000, 0x0000000083200000| Untracked 
|  51|0x0000000083300000, 0x0000000083400000, 0x0000000083400000|100%| O|  |TAMS 0x0000000083400000, 0x0000000083300000| Untracked 
|  52|0x0000000083400000, 0x0000000083400000, 0x0000000083500000|  0%| F|  |TAMS 0x0000000083400000, 0x0000000083400000| Untracked 
|  53|0x0000000083500000, 0x0000000083600000, 0x0000000083600000|100%| O|  |TAMS 0x0000000083600000, 0x0000000083500000| Untracked 
|  54|0x0000000083600000, 0x0000000083600000, 0x0000000083700000|  0%| F|  |TAMS 0x0000000083600000, 0x0000000083600000| Untracked 
|  55|0x0000000083700000, 0x0000000083700000, 0x0000000083800000|  0%| F|  |TAMS 0x0000000083700000, 0x0000000083700000| Untracked 
|  56|0x0000000083800000, 0x0000000083800000, 0x0000000083900000|  0%| F|  |TAMS 0x0000000083800000, 0x0000000083800000| Untracked 
|  57|0x0000000083900000, 0x0000000083900000, 0x0000000083a00000|  0%| F|  |TAMS 0x0000000083900000, 0x0000000083900000| Untracked 
|  58|0x0000000083a00000, 0x0000000083a00000, 0x0000000083b00000|  0%| F|  |TAMS 0x0000000083a00000, 0x0000000083a00000| Untracked 
|  59|0x0000000083b00000, 0x0000000083b00000, 0x0000000083c00000|  0%| F|  |TAMS 0x0000000083b00000, 0x0000000083b00000| Untracked 
|  60|0x0000000083c00000, 0x0000000083c00000, 0x0000000083d00000|  0%| F|  |TAMS 0x0000000083c00000, 0x0000000083c00000| Untracked 
|  61|0x0000000083d00000, 0x0000000083d00000, 0x0000000083e00000|  0%| F|  |TAMS 0x0000000083d00000, 0x0000000083d00000| Untracked 
|  62|0x0000000083e00000, 0x0000000083e00000, 0x0000000083f00000|  0%| F|  |TAMS 0x0000000083e00000, 0x0000000083e00000| Untracked 
|  63|0x0000000083f00000, 0x0000000083f00000, 0x0000000084000000|  0%| F|  |TAMS 0x0000000083f00000, 0x0000000083f00000| Untracked 
|  64|0x0000000084000000, 0x0000000084000000, 0x0000000084100000|  0%| F|  |TAMS 0x0000000084000000, 0x0000000084000000| Untracked 
|  65|0x0000000084100000, 0x0000000084100000, 0x0000000084200000|  0%| F|  |TAMS 0x0000000084100000, 0x0000000084100000| Untracked 
|  66|0x0000000084200000, 0x0000000084200000, 0x0000000084300000|  0%| F|  |TAMS 0x0000000084200000, 0x0000000084200000| Untracked 
|  67|0x0000000084300000, 0x0000000084300000, 0x0000000084400000|  0%| F|  |TAMS 0x0000000084300000, 0x0000000084300000| Untracked 
|  68|0x0000000084400000, 0x0000000084400000, 0x0000000084500000|  0%| F|  |TAMS 0x0000000084400000, 0x0000000084400000| Untracked 
|  69|0x0000000084500000, 0x0000000084500000, 0x0000000084600000|  0%| F|  |TAMS 0x0000000084500000, 0x0000000084500000| Untracked 
|  70|0x0000000084600000, 0x0000000084600000, 0x0000000084700000|  0%| F|  |TAMS 0x0000000084600000, 0x0000000084600000| Untracked 
|  71|0x0000000084700000, 0x0000000084700000, 0x0000000084800000|  0%| F|  |TAMS 0x0000000084700000, 0x0000000084700000| Untracked 
|  72|0x0000000084800000, 0x0000000084900000, 0x0000000084900000|100%| S|CS|TAMS 0x0000000084800000, 0x0000000084800000| Complete 
|  73|0x0000000084900000, 0x0000000084a00000, 0x0000000084a00000|100%| S|CS|TAMS 0x0000000084900000, 0x0000000084900000| Complete 
|  74|0x0000000084a00000, 0x0000000084b00000, 0x0000000084b00000|100%| S|CS|TAMS 0x0000000084a00000, 0x0000000084a00000| Complete 
|  75|0x0000000084b00000, 0x0000000084b00000, 0x0000000084c00000|  0%| F|  |TAMS 0x0000000084b00000, 0x0000000084b00000| Untracked 
|  76|0x0000000084c00000, 0x0000000084d00000, 0x0000000084d00000|100%| S|CS|TAMS 0x0000000084c00000, 0x0000000084c00000| Complete 
|  77|0x0000000084d00000, 0x0000000084d00000, 0x0000000084e00000|  0%| F|  |TAMS 0x0000000084d00000, 0x0000000084d00000| Untracked 
|  78|0x0000000084e00000, 0x0000000084e00000, 0x0000000084f00000|  0%| F|  |TAMS 0x0000000084e00000, 0x0000000084e00000| Untracked 
|  79|0x0000000084f00000, 0x0000000084f00000, 0x0000000085000000|  0%| F|  |TAMS 0x0000000084f00000, 0x0000000084f00000| Untracked 
|  80|0x0000000085000000, 0x0000000085000000, 0x0000000085100000|  0%| F|  |TAMS 0x0000000085000000, 0x0000000085000000| Untracked 
|  81|0x0000000085100000, 0x0000000085100000, 0x0000000085200000|  0%| F|  |TAMS 0x0000000085100000, 0x0000000085100000| Untracked 
|  82|0x0000000085200000, 0x0000000085200000, 0x0000000085300000|  0%| F|  |TAMS 0x0000000085200000, 0x0000000085200000| Untracked 
|  83|0x0000000085300000, 0x0000000085300000, 0x0000000085400000|  0%| F|  |TAMS 0x0000000085300000, 0x0000000085300000| Untracked 
|  84|0x0000000085400000, 0x0000000085400000, 0x0000000085500000|  0%| F|  |TAMS 0x0000000085400000, 0x0000000085400000| Untracked 
|  85|0x0000000085500000, 0x0000000085500000, 0x0000000085600000|  0%| F|  |TAMS 0x0000000085500000, 0x0000000085500000| Untracked 
|  86|0x0000000085600000, 0x0000000085600000, 0x0000000085700000|  0%| F|  |TAMS 0x0000000085600000, 0x0000000085600000| Untracked 
|  87|0x0000000085700000, 0x0000000085700000, 0x0000000085800000|  0%| F|  |TAMS 0x0000000085700000, 0x0000000085700000| Untracked 
|  88|0x0000000085800000, 0x0000000085800000, 0x0000000085900000|  0%| F|  |TAMS 0x0000000085800000, 0x0000000085800000| Untracked 
|  89|0x0000000085900000, 0x0000000085900000, 0x0000000085a00000|  0%| F|  |TAMS 0x0000000085900000, 0x0000000085900000| Untracked 
|  90|0x0000000085a00000, 0x0000000085a00000, 0x0000000085b00000|  0%| F|  |TAMS 0x0000000085a00000, 0x0000000085a00000| Untracked 
|  91|0x0000000085b00000, 0x0000000085b00000, 0x0000000085c00000|  0%| F|  |TAMS 0x0000000085b00000, 0x0000000085b00000| Untracked 
|  92|0x0000000085c00000, 0x0000000085c00000, 0x0000000085d00000|  0%| F|  |TAMS 0x0000000085c00000, 0x0000000085c00000| Untracked 
|  93|0x0000000085d00000, 0x0000000085d00000, 0x0000000085e00000|  0%| F|  |TAMS 0x0000000085d00000, 0x0000000085d00000| Untracked 
|  94|0x0000000085e00000, 0x0000000085e00000, 0x0000000085f00000|  0%| F|  |TAMS 0x0000000085e00000, 0x0000000085e00000| Untracked 
|  95|0x0000000085f00000, 0x0000000085f73d50, 0x0000000086000000| 45%| E|  |TAMS 0x0000000085f00000, 0x0000000085f00000| Complete 
|  96|0x0000000086000000, 0x0000000086100000, 0x0000000086100000|100%| E|CS|TAMS 0x0000000086000000, 0x0000000086000000| Complete 
|  97|0x0000000086100000, 0x0000000086200000, 0x0000000086200000|100%| E|CS|TAMS 0x0000000086100000, 0x0000000086100000| Complete 
|  98|0x0000000086200000, 0x0000000086300000, 0x0000000086300000|100%| E|CS|TAMS 0x0000000086200000, 0x0000000086200000| Complete 
|  99|0x0000000086300000, 0x0000000086400000, 0x0000000086400000|100%| E|  |TAMS 0x0000000086300000, 0x0000000086300000| Complete 
| 100|0x0000000086400000, 0x0000000086500000, 0x0000000086500000|100%| E|CS|TAMS 0x0000000086400000, 0x0000000086400000| Complete 
| 127|0x0000000087f00000, 0x0000000088000000, 0x0000000088000000|100%| E|CS|TAMS 0x0000000087f00000, 0x0000000087f00000| Complete 

Card table byte_map: [0x000002c1ebd50000,0x000002c1ec150000] _byte_map_base: 0x000002c1eb950000

Marking Bits (Prev, Next): (CMBitMap*) 0x000002c1d94dd770, (CMBitMap*) 0x000002c1d94dd7b0
 Prev Bits: [0x000002c1ec550000, 0x000002c1ee550000)
 Next Bits: [0x000002c1ee550000, 0x000002c1f0550000)

Polling page: 0x000002c1d7470000

Metaspace:

Usage:
  Non-class:     63.44 MB used.
      Class:      9.71 MB used.
       Both:     73.15 MB used.

Virtual space:
  Non-class space:       72.00 MB reserved,      63.75 MB ( 89%) committed,  9 nodes.
      Class space:        1.00 GB reserved,      10.00 MB ( <1%) committed,  1 nodes.
             Both:        1.07 GB reserved,      73.75 MB (  7%) committed. 

Chunk freelists:
   Non-Class:  3.94 MB
       Class:  1.83 MB
        Both:  5.76 MB

MaxMetaspaceSize: unlimited
CompressedClassSpaceSize: 1.00 GB
Initial GC threshold: 21.00 MB
Current GC threshold: 122.12 MB
CDS: off
MetaspaceReclaimPolicy: balanced
 - commit_granule_bytes: 65536.
 - commit_granule_words: 8192.
 - virtual_space_node_default_size: 1048576.
 - enlarge_chunks_in_place: 1.
 - new_chunks_are_fully_committed: 0.
 - uncommit_free_chunks: 1.
 - use_allocation_guard: 0.
 - handle_deallocations: 1.


Internal statistics:

num_allocs_failed_limit: 6.
num_arena_births: 738.
num_arena_deaths: 0.
num_vsnodes_births: 10.
num_vsnodes_deaths: 0.
num_space_committed: 1180.
num_space_uncommitted: 0.
num_chunks_returned_to_freelist: 6.
num_chunks_taken_from_freelist: 3250.
num_chunk_merges: 6.
num_chunk_splits: 2210.
num_chunks_enlarged: 1551.
num_purges: 0.
num_inconsistent_stats: 0.

CodeHeap 'non-profiled nmethods': size=120000Kb used=3729Kb max_used=3729Kb free=116270Kb
 bounds [0x000002c1e4420000, 0x000002c1e47d0000, 0x000002c1eb950000]
CodeHeap 'profiled nmethods': size=120000Kb used=12746Kb max_used=12746Kb free=107254Kb
 bounds [0x000002c1dc950000, 0x000002c1dd5d0000, 0x000002c1e3e80000]
CodeHeap 'non-nmethods': size=5760Kb used=2371Kb max_used=2440Kb free=3388Kb
 bounds [0x000002c1e3e80000, 0x000002c1e40f0000, 0x000002c1e4420000]
 total_blobs=7575 nmethods=6674 adapters=813
 compilation: enabled
              stopped_count=0, restarted_count=0
 full_count=0

Compilation events (20 events):
Event: 31.049 Thread 0x000002c1f3420f30 nmethod 7457 0x000002c1dd5aaf90 code [0x000002c1dd5ab2a0, 0x000002c1dd5ac1b8]
Event: 31.055 Thread 0x000002c1f3420f30 7458       3       com.google.gson.stream.JsonReader$1::promoteNameToValue (112 bytes)
Event: 31.056 Thread 0x000002c1f3420f30 nmethod 7458 0x000002c1dd5ac710 code [0x000002c1dd5ac9e0, 0x000002c1dd5ad908]
Event: 31.061 Thread 0x000002c1f3420f30 7460   !   3       java.io.StringReader::read (105 bytes)
Event: 31.062 Thread 0x000002c1f3420f30 nmethod 7460 0x000002c1dd5add10 code [0x000002c1dd5adf40, 0x000002c1dd5ae6e8]
Event: 31.062 Thread 0x000002c1f3420f30 7462       3       com.google.gson.stream.JsonReader::fillBuffer (169 bytes)
Event: 31.062 Thread 0x000002c1f3420f30 nmethod 7462 0x000002c1dd5aeb10 code [0x000002c1dd5aece0, 0x000002c1dd5af238]
Event: 31.062 Thread 0x000002c1f3420f30 7461       3       java.io.StringReader::ensureOpen (18 bytes)
Event: 31.062 Thread 0x000002c1f3420f30 nmethod 7461 0x000002c1dd5af390 code [0x000002c1dd5af540, 0x000002c1dd5af748]
Event: 31.068 Thread 0x000002c1f3420f30 7465       3       java.util.regex.Pattern::createGroup (86 bytes)
Event: 31.069 Thread 0x000002c1f3420f30 nmethod 7465 0x000002c1dd5af810 code [0x000002c1dd5afa00, 0x000002c1dd5b0218]
Event: 31.069 Thread 0x000002c1f3420f30 7466       3       java.util.regex.Pattern::accept (43 bytes)
Event: 31.069 Thread 0x000002c1f3420f30 nmethod 7466 0x000002c1dd5b0490 code [0x000002c1dd5b0660, 0x000002c1dd5b0978]
Event: 31.069 Thread 0x000002c1f3420f30 7467       3       kotlin.text.StringsKt__StringsKt::indexOf (57 bytes)
Event: 31.070 Thread 0x000002c1f3420f30 nmethod 7467 0x000002c1dd5b0b10 code [0x000002c1dd5b0de0, 0x000002c1dd5b1be8]
Event: 31.071 Thread 0x000002c1f3420f30 7468       3       kotlin.text.StringsKt__StringsJVMKt::replace$default (17 bytes)
Event: 31.071 Thread 0x000002c1f3420f30 nmethod 7468 0x000002c1dd5b2090 code [0x000002c1dd5b2220, 0x000002c1dd5b2368]
Event: 31.071 Thread 0x000002c1f3420f30 7469       3       kotlin.text.StringsKt__StringsJVMKt::replace (190 bytes)
Event: 31.075 Thread 0x000002c1f3420f30 nmethod 7469 0x000002c1dd5b2410 code [0x000002c1dd5b2880, 0x000002c1dd5b4578]
Event: 31.083 Thread 0x000002c1f3420f30 7470       3       java.util.regex.Pattern::group0 (1098 bytes)

GC Heap History (20 events):
Event: 24.490 GC heap before
{Heap before GC invocations=22 (full 0):
 garbage-first heap   total 80896K, used 57975K [0x0000000080000000, 0x0000000100000000)
  region size 1024K, 16 young (16384K), 3 survivors (3072K)
 Metaspace       used 55104K, committed 55616K, reserved 1097728K
  class space    used 7344K, committed 7552K, reserved 1048576K
}
Event: 24.495 GC heap after
{Heap after GC invocations=23 (full 0):
 garbage-first heap   total 80896K, used 45329K [0x0000000080000000, 0x0000000100000000)
  region size 1024K, 2 young (2048K), 2 survivors (2048K)
 Metaspace       used 55104K, committed 55616K, reserved 1097728K
  class space    used 7344K, committed 7552K, reserved 1048576K
}
Event: 25.454 GC heap before
{Heap before GC invocations=23 (full 0):
 garbage-first heap   total 80896K, used 60689K [0x0000000080000000, 0x0000000100000000)
  region size 1024K, 17 young (17408K), 2 survivors (2048K)
 Metaspace       used 57241K, committed 57728K, reserved 1105920K
  class space    used 7645K, committed 7872K, reserved 1048576K
}
Event: 25.458 GC heap after
{Heap after GC invocations=24 (full 0):
 garbage-first heap   total 80896K, used 46050K [0x0000000080000000, 0x0000000100000000)
  region size 1024K, 3 young (3072K), 3 survivors (3072K)
 Metaspace       used 57241K, committed 57728K, reserved 1105920K
  class space    used 7645K, committed 7872K, reserved 1048576K
}
Event: 25.982 GC heap before
{Heap before GC invocations=25 (full 0):
 garbage-first heap   total 86016K, used 60386K [0x0000000080000000, 0x0000000100000000)
  region size 1024K, 17 young (17408K), 3 survivors (3072K)
 Metaspace       used 59726K, committed 60288K, reserved 1105920K
  class space    used 7917K, committed 8192K, reserved 1048576K
}
Event: 25.986 GC heap after
{Heap after GC invocations=26 (full 0):
 garbage-first heap   total 86016K, used 46417K [0x0000000080000000, 0x0000000100000000)
  region size 1024K, 2 young (2048K), 2 survivors (2048K)
 Metaspace       used 59726K, committed 60288K, reserved 1105920K
  class space    used 7917K, committed 8192K, reserved 1048576K
}
Event: 26.069 GC heap before
{Heap before GC invocations=26 (full 0):
 garbage-first heap   total 86016K, used 48465K [0x0000000080000000, 0x0000000100000000)
  region size 1024K, 4 young (4096K), 2 survivors (2048K)
 Metaspace       used 59908K, committed 60480K, reserved 1105920K
  class space    used 7936K, committed 8192K, reserved 1048576K
}
Event: 26.075 GC heap after
{Heap after GC invocations=27 (full 0):
 garbage-first heap   total 86016K, used 46549K [0x0000000080000000, 0x0000000100000000)
  region size 1024K, 1 young (1024K), 1 survivors (1024K)
 Metaspace       used 59908K, committed 60480K, reserved 1105920K
  class space    used 7936K, committed 8192K, reserved 1048576K
}
Event: 27.108 GC heap before
{Heap before GC invocations=27 (full 0):
 garbage-first heap   total 86016K, used 66005K [0x0000000080000000, 0x0000000100000000)
  region size 1024K, 20 young (20480K), 1 survivors (1024K)
 Metaspace       used 64070K, committed 64704K, reserved 1105920K
  class space    used 8499K, committed 8768K, reserved 1048576K
}
Event: 27.114 GC heap after
{Heap after GC invocations=28 (full 0):
 garbage-first heap   total 86016K, used 48202K [0x0000000080000000, 0x0000000100000000)
  region size 1024K, 3 young (3072K), 3 survivors (3072K)
 Metaspace       used 64070K, committed 64704K, reserved 1105920K
  class space    used 8499K, committed 8768K, reserved 1048576K
}
Event: 27.346 GC heap before
{Heap before GC invocations=29 (full 0):
 garbage-first heap   total 104448K, used 61514K [0x0000000080000000, 0x0000000100000000)
  region size 1024K, 13 young (13312K), 3 survivors (3072K)
 Metaspace       used 64072K, committed 64704K, reserved 1105920K
  class space    used 8499K, committed 8768K, reserved 1048576K
}
Event: 27.353 GC heap after
{Heap after GC invocations=30 (full 0):
 garbage-first heap   total 104448K, used 54380K [0x0000000080000000, 0x0000000100000000)
  region size 1024K, 3 young (3072K), 3 survivors (3072K)
 Metaspace       used 64072K, committed 64704K, reserved 1105920K
  class space    used 8499K, committed 8768K, reserved 1048576K
}
Event: 28.260 GC heap before
{Heap before GC invocations=31 (full 0):
 garbage-first heap   total 104448K, used 78956K [0x0000000080000000, 0x0000000100000000)
  region size 1024K, 25 young (25600K), 3 survivors (3072K)
 Metaspace       used 66127K, committed 66688K, reserved 1114112K
  class space    used 8773K, committed 9024K, reserved 1048576K
}
Event: 28.266 GC heap after
{Heap after GC invocations=32 (full 0):
 garbage-first heap   total 104448K, used 51631K [0x0000000080000000, 0x0000000100000000)
  region size 1024K, 2 young (2048K), 2 survivors (2048K)
 Metaspace       used 66127K, committed 66688K, reserved 1114112K
  class space    used 8773K, committed 9024K, reserved 1048576K
}
Event: 29.057 GC heap before
{Heap before GC invocations=32 (full 0):
 garbage-first heap   total 104448K, used 76207K [0x0000000080000000, 0x0000000100000000)
  region size 1024K, 27 young (27648K), 2 survivors (2048K)
 Metaspace       used 68854K, committed 69312K, reserved 1114112K
  class space    used 9150K, committed 9344K, reserved 1048576K
}
Event: 29.062 GC heap after
{Heap after GC invocations=33 (full 0):
 garbage-first heap   total 104448K, used 53059K [0x0000000080000000, 0x0000000100000000)
  region size 1024K, 4 young (4096K), 4 survivors (4096K)
 Metaspace       used 68854K, committed 69312K, reserved 1114112K
  class space    used 9150K, committed 9344K, reserved 1048576K
}
Event: 29.879 GC heap before
{Heap before GC invocations=34 (full 0):
 garbage-first heap   total 104448K, used 79683K [0x0000000080000000, 0x0000000100000000)
  region size 1024K, 30 young (30720K), 4 survivors (4096K)
 Metaspace       used 72439K, committed 73024K, reserved 1114112K
  class space    used 9614K, committed 9856K, reserved 1048576K
}
Event: 29.886 GC heap after
{Heap after GC invocations=35 (full 0):
 garbage-first heap   total 104448K, used 54931K [0x0000000080000000, 0x0000000100000000)
  region size 1024K, 4 young (4096K), 4 survivors (4096K)
 Metaspace       used 72439K, committed 73024K, reserved 1114112K
  class space    used 9614K, committed 9856K, reserved 1048576K
}
Event: 30.661 GC heap before
{Heap before GC invocations=35 (full 0):
 garbage-first heap   total 104448K, used 79507K [0x0000000080000000, 0x0000000100000000)
  region size 1024K, 29 young (29696K), 4 survivors (4096K)
 Metaspace       used 74300K, committed 74880K, reserved 1114112K
  class space    used 9869K, committed 10176K, reserved 1048576K
}
Event: 30.674 GC heap after
{Heap after GC invocations=36 (full 0):
 garbage-first heap   total 104448K, used 57285K [0x0000000080000000, 0x0000000100000000)
  region size 1024K, 4 young (4096K), 4 survivors (4096K)
 Metaspace       used 74300K, committed 74880K, reserved 1114112K
  class space    used 9869K, committed 10176K, reserved 1048576K
}

Dll operation events (2 events):
Event: 0.011 Loaded shared library C:\Program Files\Android\Android Studio\jbr\bin\java.dll
Event: 1.094 Loaded shared library C:\Program Files\Android\Android Studio\jbr\bin\verify.dll

Deoptimization events (20 events):
Event: 30.157 Thread 0x000002c1f5ade130 Uncommon trap: trap_request=0xffffffde fr.pc=0x000002c1e45eff18 relative=0x0000000000000578
Event: 30.157 Thread 0x000002c1f5ade130 Uncommon trap: reason=class_check action=maybe_recompile pc=0x000002c1e45eff18 method=jdk.internal.loader.URLClassPath.getResource(Ljava/lang/String;Z)Ljdk/internal/loader/Resource; @ 53 c2
Event: 30.157 Thread 0x000002c1f5ade130 DEOPT PACKING pc=0x000002c1e45eff18 sp=0x000000ccd3bf88d0
Event: 30.157 Thread 0x000002c1f5ade130 DEOPT UNPACKING pc=0x000002c1e3ed69a3 sp=0x000000ccd3bf8890 mode 2
Event: 30.158 Thread 0x000002c1f5ade130 Uncommon trap: trap_request=0xffffffde fr.pc=0x000002c1e44a8ac8 relative=0x0000000000002808
Event: 30.158 Thread 0x000002c1f5ade130 Uncommon trap: reason=class_check action=maybe_recompile pc=0x000002c1e44a8ac8 method=jdk.internal.loader.Resource.getBytes()[B @ 10 c2
Event: 30.158 Thread 0x000002c1f5ade130 DEOPT PACKING pc=0x000002c1e44a8ac8 sp=0x000000ccd3bf8720
Event: 30.158 Thread 0x000002c1f5ade130 DEOPT UNPACKING pc=0x000002c1e3ed69a3 sp=0x000000ccd3bf8738 mode 2
Event: 30.199 Thread 0x000002c1f5ade130 Uncommon trap: trap_request=0xffffff45 fr.pc=0x000002c1e44872cc relative=0x000000000000010c
Event: 30.199 Thread 0x000002c1f5ade130 Uncommon trap: reason=unstable_if action=reinterpret pc=0x000002c1e44872cc method=java.util.concurrent.ConcurrentHashMap.addCount(JI)V @ 110 c2
Event: 30.199 Thread 0x000002c1f5ade130 DEOPT PACKING pc=0x000002c1e44872cc sp=0x000000ccd3bf8d60
Event: 30.199 Thread 0x000002c1f5ade130 DEOPT UNPACKING pc=0x000002c1e3ed69a3 sp=0x000000ccd3bf8c98 mode 2
Event: 30.534 Thread 0x000002c1f5ade130 Uncommon trap: trap_request=0xffffff45 fr.pc=0x000002c1e4534224 relative=0x00000000000003e4
Event: 30.534 Thread 0x000002c1f5ade130 Uncommon trap: reason=unstable_if action=reinterpret pc=0x000002c1e4534224 method=java.lang.StringConcatHelper.simpleConcat(Ljava/lang/Object;Ljava/lang/Object;)Ljava/lang/String; @ 30 c2
Event: 30.534 Thread 0x000002c1f5ade130 DEOPT PACKING pc=0x000002c1e4534224 sp=0x000000ccd3bf8860
Event: 30.534 Thread 0x000002c1f5ade130 DEOPT UNPACKING pc=0x000002c1e3ed69a3 sp=0x000000ccd3bf8818 mode 2
Event: 30.841 Thread 0x000002c1f5ade130 Uncommon trap: trap_request=0xffffffdc fr.pc=0x000002c1e47c2b40 relative=0x00000000000002a0
Event: 30.841 Thread 0x000002c1f5ade130 Uncommon trap: reason=class_check action=make_not_entrant pc=0x000002c1e47c2b40 method=java.util.ArrayList.toArray([Ljava/lang/Object;)[Ljava/lang/Object; @ 21 c2
Event: 30.841 Thread 0x000002c1f5ade130 DEOPT PACKING pc=0x000002c1e47c2b40 sp=0x000000ccd3bf8de0
Event: 30.841 Thread 0x000002c1f5ade130 DEOPT UNPACKING pc=0x000002c1e3ed69a3 sp=0x000000ccd3bf8db0 mode 2

Classes unloaded (0 events):
No events

Classes redefined (0 events):
No events

Internal exceptions (20 events):
Event: 23.286 Thread 0x000002c1f5fbd530 Exception <a 'java/lang/NoSuchMethodError'{0x00000000833908b0}: static Lorg/gradle/internal/build/event/types/AbstractProjectConfigurationResult;.<clinit>()V> (0x00000000833908b0) 
thrown [s\src\hotspot\share\prims\jni.cpp, line 1108]
Event: 23.286 Thread 0x000002c1f5fbd530 Exception <a 'java/lang/NoSuchMethodError'{0x0000000083392008}: static Lorg/gradle/internal/build/event/types/AbstractOperationResult;.<clinit>()V> (0x0000000083392008) 
thrown [s\src\hotspot\share\prims\jni.cpp, line 1108]
Event: 23.286 Thread 0x000002c1f5fbd530 Exception <a 'java/lang/NoSuchMethodError'{0x0000000083393480}: static Lorg/gradle/internal/build/event/types/AbstractResult;.<clinit>()V> (0x0000000083393480) 
thrown [s\src\hotspot\share\prims\jni.cpp, line 1108]
Event: 23.290 Thread 0x000002c1f5fbd530 Exception <a 'java/lang/NoSuchMethodError'{0x00000000833ab250}: static Lorg/gradle/internal/build/event/types/DefaultPluginApplicationResult;.<clinit>()V> (0x00000000833ab250) 
thrown [s\src\hotspot\share\prims\jni.cpp, line 1108]
Event: 23.291 Thread 0x000002c1f5fbd530 Exception <a 'java/lang/NoSuchMethodError'{0x00000000833b75b8}: static Lorg/gradle/internal/build/event/types/DefaultBinaryPluginIdentifier;.<clinit>()V> (0x00000000833b75b8) 
thrown [s\src\hotspot\share\prims\jni.cpp, line 1108]
Event: 23.296 Thread 0x000002c1f5fbd530 Exception <a 'java/lang/NoSuchMethodError'{0x00000000833cf6e8}: static Lorg/gradle/internal/build/event/types/DefaultScriptPluginIdentifier;.<clinit>()V> (0x00000000833cf6e8) 
thrown [s\src\hotspot\share\prims\jni.cpp, line 1108]
Event: 23.534 Thread 0x000002c1f5ade130 Implicit null exception at 0x000002c1e470700f to 0x000002c1e4707758
Event: 23.883 Thread 0x000002c1f5ade130 Exception <a 'java/lang/ClassNotFoundException'{0x00000000854d93e8}: org/gradle/api/internal/plugins/DefaultObjectConfigurationActionBeanInfo> (0x00000000854d93e8) 
thrown [s\src\hotspot\share\classfile\systemDictionary.cpp, line 256]
Event: 23.885 Thread 0x000002c1f5ade130 Exception <a 'java/lang/ClassNotFoundException'{0x00000000854ed3d0}: org/gradle/api/internal/plugins/DefaultObjectConfigurationActionCustomizer> (0x00000000854ed3d0) 
thrown [s\src\hotspot\share\classfile\systemDictionary.cpp, line 256]
Event: 24.469 Thread 0x000002c1f5ade130 Exception <a 'java/lang/NoSuchMethodError'{0x0000000083fa8fc8}: 'java.lang.Object java.lang.invoke.DirectMethodHandle$Holder.newInvokeSpecial(java.lang.Object, java.lang.Object, java.lang.Object, java.lang.Object, int)'> (0x0000000083fa8fc8) 
thrown [s\src\hotspot\share\interpreter\linkResolver.cpp, line 771]
Event: 24.471 Thread 0x000002c1f5ade130 Exception <a 'java/lang/NoSuchMethodError'{0x0000000083fae410}: 'java.lang.Object java.lang.invoke.DirectMethodHandle$Holder.invokeSpecial(java.lang.Object, java.lang.Object, java.lang.Object, java.lang.Object, java.lang.Object, int)'> (0x0000000083fae410) 
thrown [s\src\hotspot\share\interpreter\linkResolver.cpp, line 771]
Event: 24.474 Thread 0x000002c1f5ade130 Exception <a 'java/lang/NoSuchMethodError'{0x0000000083fb3190}: 'java.lang.Object java.lang.invoke.Invokers$Holder.linkToTargetMethod(java.lang.Object, java.lang.Object, java.lang.Object, int, java.lang.Object)'> (0x0000000083fb3190) 
thrown [s\src\hotspot\share\interpreter\linkResolver.cpp, line 771]
Event: 25.343 Thread 0x000002c1f5ade130 Exception <a 'java/lang/NoSuchMethodError'{0x00000000843e0978}: 'int java.lang.invoke.DirectMethodHandle$Holder.invokeInterface(java.lang.Object, java.lang.Object, java.lang.Object, java.lang.Object)'> (0x00000000843e0978) 
thrown [s\src\hotspot\share\interpreter\linkResolver.cpp, line 771]
Event: 26.312 Thread 0x000002c1f5ade130 Exception <a 'java/lang/NoSuchMethodError'{0x0000000084e6bc78}: 'int java.lang.invoke.DirectMethodHandle$Holder.invokeInterface(java.lang.Object, java.lang.Object)'> (0x0000000084e6bc78) 
thrown [s\src\hotspot\share\interpreter\linkResolver.cpp, line 771]
Event: 26.313 Thread 0x000002c1f5ade130 Exception <a 'java/lang/IncompatibleClassChangeError'{0x0000000084e709f0}: Found class java.lang.Object, but interface was expected> (0x0000000084e709f0) 
thrown [s\src\hotspot\share\interpreter\linkResolver.cpp, line 838]
Event: 26.444 Thread 0x000002c1f5ade130 Implicit null exception at 0x000002c1e4666260 to 0x000002c1e466640c
Event: 26.444 Thread 0x000002c1f5ade130 Implicit null exception at 0x000002c1e46ab620 to 0x000002c1e46ab800
Event: 26.863 Thread 0x000002c1f5ade130 Implicit null exception at 0x000002c1e45d0a8c to 0x000002c1e45d0bc2
Event: 27.549 Thread 0x000002c1f5ade130 Exception <a 'sun/nio/fs/WindowsException'{0x0000000085f01b00}> (0x0000000085f01b00) 
thrown [s\src\hotspot\share\prims\jni.cpp, line 517]
Event: 28.701 Thread 0x000002c1f5ade130 Implicit null exception at 0x000002c1e44b90c9 to 0x000002c1e44b919c

VM Operations (20 events):
Event: 27.559 Executing VM operation: G1Concurrent
Event: 27.580 Executing VM operation: G1Concurrent done
Event: 28.260 Executing VM operation: G1CollectForAllocation
Event: 28.266 Executing VM operation: G1CollectForAllocation done
Event: 29.056 Executing VM operation: G1CollectForAllocation
Event: 29.062 Executing VM operation: G1CollectForAllocation done
Event: 29.180 Executing VM operation: G1Concurrent
Event: 29.185 Executing VM operation: G1Concurrent done
Event: 29.241 Executing VM operation: G1Concurrent
Event: 29.241 Executing VM operation: G1Concurrent done
Event: 29.879 Executing VM operation: G1CollectForAllocation
Event: 29.887 Executing VM operation: G1CollectForAllocation done
Event: 30.227 Executing VM operation: HandshakeAllThreads
Event: 30.228 Executing VM operation: HandshakeAllThreads done
Event: 30.661 Executing VM operation: G1CollectForAllocation
Event: 30.684 Executing VM operation: G1CollectForAllocation done
Event: 30.802 Executing VM operation: G1Concurrent
Event: 30.835 Executing VM operation: G1Concurrent done
Event: 30.894 Executing VM operation: G1Concurrent
Event: 30.894 Executing VM operation: G1Concurrent done

Events (20 events):
Event: 28.362 loading class java/security/KeyStore
Event: 28.362 loading class java/security/KeyStore done
Event: 28.362 loading class java/security/KeyStore$1
Event: 28.362 loading class java/security/KeyStore$1 done
Event: 28.618 loading class javax/xml/stream/XMLStreamException
Event: 28.618 loading class javax/xml/stream/XMLStreamException done
Event: 28.649 loading class sun/reflect/annotation/AnnotationInvocationHandler$1
Event: 28.649 loading class sun/reflect/annotation/AnnotationInvocationHandler$1 done
Event: 29.097 Thread 0x000002c1fbb01010 Thread exited: 0x000002c1fbb01010
Event: 29.695 loading class java/util/ArrayList$SubList$1
Event: 29.695 loading class java/util/ArrayList$SubList$1 done
Event: 30.118 Thread 0x000002c1f34df380 Thread added: 0x000002c1f34df380
Event: 30.138 loading class jdk/internal/loader/URLClassPath$FileLoader
Event: 30.138 loading class jdk/internal/loader/URLClassPath$FileLoader done
Event: 30.140 loading class jdk/internal/loader/URLClassPath$FileLoader$1
Event: 30.140 loading class jdk/internal/loader/URLClassPath$FileLoader$1 done
Event: 30.943 loading class sun/reflect/generics/repository/FieldRepository
Event: 30.943 loading class sun/reflect/generics/repository/FieldRepository done
Event: 31.010 loading class jdk/internal/vm/annotation/ForceInline
Event: 31.011 loading class jdk/internal/vm/annotation/ForceInline done


Dynamic libraries:
0x00007ff6a44d0000 - 0x00007ff6a44da000 	C:\Program Files\Android\Android Studio\jbr\bin\java.exe
0x00007ff8fa970000 - 0x00007ff8fab68000 	C:\WINDOWS\SYSTEM32\ntdll.dll
0x00007ff8f9a90000 - 0x00007ff8f9b4d000 	C:\WINDOWS\System32\KERNEL32.DLL
0x00007ff8f8330000 - 0x00007ff8f8626000 	C:\WINDOWS\System32\KERNELBASE.dll
0x00007ff8f80a0000 - 0x00007ff8f81a0000 	C:\WINDOWS\System32\ucrtbase.dll
0x00007ff8dc4a0000 - 0x00007ff8dc4b7000 	C:\Program Files\Android\Android Studio\jbr\bin\jli.dll
0x00007ff8f9b50000 - 0x00007ff8f9cee000 	C:\WINDOWS\System32\USER32.dll
0x00007ff8f81a0000 - 0x00007ff8f81c2000 	C:\WINDOWS\System32\win32u.dll
0x00007ff8f93a0000 - 0x00007ff8f93cb000 	C:\WINDOWS\System32\GDI32.dll
0x00007ff8f8840000 - 0x00007ff8f8957000 	C:\WINDOWS\System32\gdi32full.dll
0x00007ff8f8290000 - 0x00007ff8f832d000 	C:\WINDOWS\System32\msvcp_win.dll
0x00007ff8e56f0000 - 0x00007ff8e570b000 	C:\Program Files\Android\Android Studio\jbr\bin\VCRUNTIME140.dll
0x00007ff8dd940000 - 0x00007ff8ddbda000 	C:\WINDOWS\WinSxS\amd64_microsoft.windows.common-controls_6595b64144ccf1df_6.0.19041.3636_none_60b6a03d71f818d5\COMCTL32.dll
0x00007ff8f8ab0000 - 0x00007ff8f8b4e000 	C:\WINDOWS\System32\msvcrt.dll
0x00007ff8fa5f0000 - 0x00007ff8fa622000 	C:\WINDOWS\System32\IMM32.DLL
0x00007ff8f04e0000 - 0x00007ff8f04ec000 	C:\Program Files\Android\Android Studio\jbr\bin\vcruntime140_1.dll
0x00007ff8dcba0000 - 0x00007ff8dcc2d000 	C:\Program Files\Android\Android Studio\jbr\bin\msvcp140.dll
0x00007ff8ae0e0000 - 0x00007ff8aed4e000 	C:\Program Files\Android\Android Studio\jbr\bin\server\jvm.dll
0x00007ff8fa630000 - 0x00007ff8fa6e3000 	C:\WINDOWS\System32\ADVAPI32.dll
0x00007ff8f89b0000 - 0x00007ff8f8a4f000 	C:\WINDOWS\System32\sechost.dll
0x00007ff8f9960000 - 0x00007ff8f9a86000 	C:\WINDOWS\System32\RPCRT4.dll
0x00007ff8f81d0000 - 0x00007ff8f81f7000 	C:\WINDOWS\System32\bcrypt.dll
0x00007ff8c8110000 - 0x00007ff8c8119000 	C:\WINDOWS\SYSTEM32\WSOCK32.dll
0x00007ff8f9460000 - 0x00007ff8f94cb000 	C:\WINDOWS\System32\WS2_32.dll
0x00007ff8ddc30000 - 0x00007ff8ddc57000 	C:\WINDOWS\SYSTEM32\WINMM.dll
0x00007ff8ed1c0000 - 0x00007ff8ed1ca000 	C:\WINDOWS\SYSTEM32\VERSION.dll
0x00007ff8f6870000 - 0x00007ff8f6882000 	C:\WINDOWS\SYSTEM32\kernel.appcore.dll
0x00007ff8e5640000 - 0x00007ff8e564a000 	C:\Program Files\Android\Android Studio\jbr\bin\jimage.dll
0x00007ff8f2d90000 - 0x00007ff8f2f74000 	C:\WINDOWS\SYSTEM32\DBGHELP.DLL
0x00007ff8e39c0000 - 0x00007ff8e39f4000 	C:\WINDOWS\SYSTEM32\dbgcore.DLL
0x00007ff8f8200000 - 0x00007ff8f8282000 	C:\WINDOWS\System32\bcryptPrimitives.dll
0x00007ff8dd450000 - 0x00007ff8dd475000 	C:\Program Files\Android\Android Studio\jbr\bin\java.dll
0x00007ff8dd810000 - 0x00007ff8dd828000 	C:\Program Files\Android\Android Studio\jbr\bin\zip.dll
0x00007ff8f9cf0000 - 0x00007ff8fa435000 	C:\WINDOWS\System32\SHELL32.dll
0x00007ff8f2f80000 - 0x00007ff8f371c000 	C:\WINDOWS\SYSTEM32\windows.storage.dll
0x00007ff8f8bd0000 - 0x00007ff8f8f24000 	C:\WINDOWS\System32\combase.dll
0x00007ff8f7990000 - 0x00007ff8f79be000 	C:\WINDOWS\SYSTEM32\Wldp.dll
0x00007ff8f9580000 - 0x00007ff8f964d000 	C:\WINDOWS\System32\OLEAUT32.dll
0x00007ff8f9650000 - 0x00007ff8f96fd000 	C:\WINDOWS\System32\SHCORE.dll
0x00007ff8f8b50000 - 0x00007ff8f8ba5000 	C:\WINDOWS\System32\shlwapi.dll
0x00007ff8f7f60000 - 0x00007ff8f7f85000 	C:\WINDOWS\SYSTEM32\profapi.dll
0x00007ff8dcb00000 - 0x00007ff8dcb19000 	C:\Program Files\Android\Android Studio\jbr\bin\net.dll
0x00007ff8eb9e0000 - 0x00007ff8ebaea000 	C:\WINDOWS\SYSTEM32\WINHTTP.dll
0x00007ff8f76f0000 - 0x00007ff8f775a000 	C:\WINDOWS\system32\mswsock.dll
0x00007ff8dcae0000 - 0x00007ff8dcaf6000 	C:\Program Files\Android\Android Studio\jbr\bin\nio.dll
0x00007ff8e5540000 - 0x00007ff8e5550000 	C:\Program Files\Android\Android Studio\jbr\bin\verify.dll
0x00007ff8ecfb0000 - 0x00007ff8ecfd7000 	C:\Users\rugam\.gradle\native\68d5fa5c4cc2d200863cafc0d521ce42e7d3e7ee720ec0a83991735586a16f82\windows-amd64\native-platform.dll
0x00007ff8c9f10000 - 0x00007ff8ca054000 	C:\Users\rugam\.gradle\native\e376f236ea51e6404a007f0833ffe2c6e607c4080706a723a18a27aeea778392\windows-amd64\native-platform-file-events.dll
0x00007ff8dcc90000 - 0x00007ff8dcc99000 	C:\Program Files\Android\Android Studio\jbr\bin\management.dll
0x00007ff8dcab0000 - 0x00007ff8dcabb000 	C:\Program Files\Android\Android Studio\jbr\bin\management_ext.dll
0x00007ff8f8bb0000 - 0x00007ff8f8bb8000 	C:\WINDOWS\System32\PSAPI.DLL
0x00007ff8f78e0000 - 0x00007ff8f78f8000 	C:\WINDOWS\SYSTEM32\CRYPTSP.dll
0x00007ff8f7020000 - 0x00007ff8f7054000 	C:\WINDOWS\system32\rsaenh.dll
0x00007ff8f7f20000 - 0x00007ff8f7f4e000 	C:\WINDOWS\SYSTEM32\USERENV.dll
0x00007ff8f7900000 - 0x00007ff8f790c000 	C:\WINDOWS\SYSTEM32\CRYPTBASE.dll
0x00007ff8f73e0000 - 0x00007ff8f741b000 	C:\WINDOWS\SYSTEM32\IPHLPAPI.DLL
0x00007ff8f8bc0000 - 0x00007ff8f8bc8000 	C:\WINDOWS\System32\NSI.dll
0x00007ff8e6270000 - 0x00007ff8e6287000 	C:\WINDOWS\SYSTEM32\dhcpcsvc6.DLL
0x00007ff8e6550000 - 0x00007ff8e656d000 	C:\WINDOWS\SYSTEM32\dhcpcsvc.DLL
0x00007ff8f7420000 - 0x00007ff8f74eb000 	C:\WINDOWS\SYSTEM32\DNSAPI.dll
0x00007ff8dc940000 - 0x00007ff8dc947000 	C:\WINDOWS\system32\wshunix.dll

dbghelp: loaded successfully - version: 4.0.5 - missing functions: none
symbol engine: initialized successfully - sym options: 0x614 - pdb path: .;C:\Program Files\Android\Android Studio\jbr\bin;C:\WINDOWS\SYSTEM32;C:\WINDOWS\WinSxS\amd64_microsoft.windows.common-controls_6595b64144ccf1df_6.0.19041.3636_none_60b6a03d71f818d5;C:\Program Files\Android\Android Studio\jbr\bin\server;C:\Users\rugam\.gradle\native\68d5fa5c4cc2d200863cafc0d521ce42e7d3e7ee720ec0a83991735586a16f82\windows-amd64;C:\Users\rugam\.gradle\native\e376f236ea51e6404a007f0833ffe2c6e607c4080706a723a18a27aeea778392\windows-amd64

VM Arguments:
jvm_args: --add-opens=java.base/java.util=ALL-UNNAMED --add-opens=java.base/java.lang=ALL-UNNAMED --add-opens=java.base/java.lang.invoke=ALL-UNNAMED --add-opens=java.prefs/java.util.prefs=ALL-UNNAMED --add-opens=java.base/java.nio.charset=ALL-UNNAMED --add-opens=java.base/java.net=ALL-UNNAMED --add-opens=java.base/java.util.concurrent.atomic=ALL-UNNAMED -Xmx2048m -Dfile.encoding=UTF-8 -Duser.country=US -Duser.language=en -Duser.variant 
java_command: org.gradle.launcher.daemon.bootstrap.GradleDaemon 8.0
java_class_path (initial): C:\Users\rugam\.gradle\wrapper\dists\gradle-8.0-bin\ca5e32bp14vu59qr306oxotwh\gradle-8.0\lib\gradle-launcher-8.0.jar
Launcher Type: SUN_STANDARD

[Global flags]
     intx CICompilerCount                          = 3                                         {product} {ergonomic}
     uint ConcGCThreads                            = 1                                         {product} {ergonomic}
     uint G1ConcRefinementThreads                  = 4                                         {product} {ergonomic}
   size_t G1HeapRegionSize                         = 1048576                                   {product} {ergonomic}
    uintx GCDrainStackTargetSize                   = 64                                        {product} {ergonomic}
   size_t InitialHeapSize                          = 134217728                                 {product} {ergonomic}
   size_t MarkStackSize                            = 4194304                                   {product} {ergonomic}
   size_t MaxHeapSize                              = 2147483648                                {product} {command line}
   size_t MaxNewSize                               = 1287651328                                {product} {ergonomic}
   size_t MinHeapDeltaBytes                        = 1048576                                   {product} {ergonomic}
   size_t MinHeapSize                              = 8388608                                   {product} {ergonomic}
    uintx NonNMethodCodeHeapSize                   = 5832780                                {pd product} {ergonomic}
    uintx NonProfiledCodeHeapSize                  = 122912730                              {pd product} {ergonomic}
    uintx ProfiledCodeHeapSize                     = 122912730                              {pd product} {ergonomic}
    uintx ReservedCodeCacheSize                    = 251658240                              {pd product} {ergonomic}
     bool SegmentedCodeCache                       = true                                      {product} {ergonomic}
   size_t SoftMaxHeapSize                          = 2147483648                             {manageable} {ergonomic}
     bool UseCompressedClassPointers               = true                           {product lp64_product} {ergonomic}
     bool UseCompressedOops                        = true                           {product lp64_product} {ergonomic}
     bool UseG1GC                                  = true                                      {product} {ergonomic}
     bool UseLargePagesIndividualAllocation        = false                                  {pd product} {ergonomic}

Logging:
Log output configuration:
 #0: stdout all=warning uptime,level,tags
 #1: stderr all=off uptime,level,tags

Environment Variables:
JAVA_HOME=C:\Program Files\Java\jdk-21
PATH=C:\Program Files\Common Files\Oracle\Java\javapath;C:\Python312\Scripts\;C:\Python312\;C:\WINDOWS\system32;C:\WINDOWS;C:\WINDOWS\System32\Wbem;C:\WINDOWS\System32\WindowsPowerShell\v1.0\;C:\WINDOWS\System32\OpenSSH\;D:\Xampp\php;C:\ProgramData\ComposerSetup\bin;C:\Program Files (x86)\Intel\Intel(R) Management Engine Components\DAL;C:\Program Files\Intel\Intel(R) Management Engine Components\DAL;D:\ROGERS\NEW YT CHANNEL\NODEJS\;C:\ProgramData\chocolatey\bin;C:\Program Files\Java\jdk-21\bin;C:\Program Files\Java\jdk-21\bin;C:\Users\rugam\AppData\Local\Microsoft\WindowsApps;D:\Microsoft VS Code\bin;C:\Program Files (x86)\Common Files\AutoPod\ffmpeg\bin;C:\Users\rugam\AppData\Roaming\Composer\vendor\bin;C:\Users\rugam\AppData\Local\GitHubDesktop\bin;C:\Users\rugam\AppData\Roaming\npm
USERNAME=rugam
OS=Windows_NT
PROCESSOR_IDENTIFIER=Intel64 Family 6 Model 142 Stepping 9, GenuineIntel
TMP=C:\Users\rugam\AppData\Local\Temp
TEMP=C:\Users\rugam\AppData\Local\Temp


JNI global refs:
JNI global refs: 25, weak refs: 3

JNI global refs memory usage: 843, weak refs: 841


---------------  S Y S T E M  ---------------

OS:
 Windows 10 , 64 bit Build 19041 (10.0.19041.3636)
OS uptime: 0 days 13:53 hours

CPU: total 4 (initial active 4) (2 cores per cpu, 2 threads per core) family 6 model 142 stepping 9 microcode 0xf4, cx8, cmov, fxsr, ht, mmx, 3dnowpref, sse, sse2, sse3, ssse3, sse4.1, sse4.2, popcnt, lzcnt, tsc, tscinvbit, avx, avx2, aes, erms, clmul, bmi1, bmi2, rtm, adx, fma, vzeroupper, clflush, clflushopt

Memory: 4k page, system-wide physical 8067M (491M free)
TotalPageFile size 15032M (AvailPageFile size 5M)
current process WorkingSet (physical memory assigned to process): 303M, peak: 303M
current process commit charge ("private bytes"): 333M, peak: 334M

vm_info: OpenJDK 64-Bit Server VM (17.0.6+0-b2043.56-10027231) for windows-amd64 JRE (17.0.6+0-b2043.56-10027231), built on Apr 28 2023 00:43:19 by "androidbuild" with MS VC++ 16.10 / 16.11 (VS2019)

END.
